2019-12-27 15:43:28 Warning: Warning (2): Invalid argument supplied for foreach() in [/Users/heinz/Sites/dwe_map/src/Template/Points/index.ctp, line 3]
Request URL: /points/index
Trace:
Cake\Error\BaseErrorHandler::handleError() - CORE/src/Error/BaseErrorHandler.php, line 158
Cake\Core\BasePlugin::{closure}() - ROOT/vendor/cakephp/debug_kit/config/bootstrap.php, line 42
include - APP/Template/Points/index.ctp, line 3
Cake\View\View::_evaluate() - CORE/src/View/View.php, line 1420
Cake\View\View::_render() - CORE/src/View/View.php, line 1381
Cake\View\View::render() - CORE/src/View/View.php, line 879
Cake\Controller\Controller::render() - CORE/src/Controller/Controller.php, line 795
Cake\Http\ActionDispatcher::_invoke() - CORE/src/Http/ActionDispatcher.php, line 126
Cake\Http\ActionDispatcher::dispatch() - CORE/src/Http/ActionDispatcher.php, line 94
Cake\Http\BaseApplication::__invoke() - CORE/src/Http/BaseApplication.php, line 234
Cake\Http\Runner::__invoke() - CORE/src/Http/Runner.php, line 65
Cake\Http\Runner::__invoke() - CORE/src/Http/Runner.php, line 65
Cake\Http\Middleware\CsrfProtectionMiddleware::__invoke() - CORE/src/Http/Middleware/CsrfProtectionMiddleware.php, line 124
Cake\Http\Runner::__invoke() - CORE/src/Http/Runner.php, line 65
Cake\Http\Runner::run() - CORE/src/Http/Runner.php, line 51
Cake\Routing\Middleware\RoutingMiddleware::__invoke() - CORE/src/Routing/Middleware/RoutingMiddleware.php, line 168
Cake\Http\Runner::__invoke() - CORE/src/Http/Runner.php, line 65
Cake\Routing\Middleware\AssetMiddleware::__invoke() - CORE/src/Routing/Middleware/AssetMiddleware.php, line 88
Cake\Http\Runner::__invoke() - CORE/src/Http/Runner.php, line 65
Cake\Error\Middleware\ErrorHandlerMiddleware::__invoke() - CORE/src/Error/Middleware/ErrorHandlerMiddleware.php, line 96
Cake\Http\Runner::__invoke() - CORE/src/Http/Runner.php, line 65
DebugKit\Middleware\DebugKitMiddleware::__invoke() - ROOT/vendor/cakephp/debug_kit/src/Middleware/DebugKitMiddleware.php, line 53
Cake\Http\Runner::__invoke() - CORE/src/Http/Runner.php, line 65
Cake\Http\Runner::run() - CORE/src/Http/Runner.php, line 51
Cake\Http\Server::run() - CORE/src/Http/Server.php, line 97
[main] - ROOT/webroot/index.php, line 40



2019-12-27 16:09:19 Warning: Warning (2): Invalid argument supplied for foreach() in [/Users/heinz/Sites/dwe_map/src/Controller/PointsController.php, line 12]
Request URL: /points/index
Trace:
Cake\Error\BaseErrorHandler::handleError() - CORE/src/Error/BaseErrorHandler.php, line 158
Cake\Core\BasePlugin::{closure}() - ROOT/vendor/cakephp/debug_kit/config/bootstrap.php, line 42
App\Controller\PointsController::index() - APP/Controller/PointsController.php, line 12
Cake\Controller\Controller::invokeAction() - CORE/src/Controller/Controller.php, line 609
Cake\Http\ActionDispatcher::_invoke() - CORE/src/Http/ActionDispatcher.php, line 120
Cake\Http\ActionDispatcher::dispatch() - CORE/src/Http/ActionDispatcher.php, line 94
Cake\Http\BaseApplication::__invoke() - CORE/src/Http/BaseApplication.php, line 234
Cake\Http\Runner::__invoke() - CORE/src/Http/Runner.php, line 65
Cake\Http\Runner::__invoke() - CORE/src/Http/Runner.php, line 65
Cake\Http\Middleware\CsrfProtectionMiddleware::__invoke() - CORE/src/Http/Middleware/CsrfProtectionMiddleware.php, line 124
Cake\Http\Runner::__invoke() - CORE/src/Http/Runner.php, line 65
Cake\Http\Runner::run() - CORE/src/Http/Runner.php, line 51
Cake\Routing\Middleware\RoutingMiddleware::__invoke() - CORE/src/Routing/Middleware/RoutingMiddleware.php, line 168
Cake\Http\Runner::__invoke() - CORE/src/Http/Runner.php, line 65
Cake\Routing\Middleware\AssetMiddleware::__invoke() - CORE/src/Routing/Middleware/AssetMiddleware.php, line 88
Cake\Http\Runner::__invoke() - CORE/src/Http/Runner.php, line 65
Cake\Error\Middleware\ErrorHandlerMiddleware::__invoke() - CORE/src/Error/Middleware/ErrorHandlerMiddleware.php, line 96
Cake\Http\Runner::__invoke() - CORE/src/Http/Runner.php, line 65
DebugKit\Middleware\DebugKitMiddleware::__invoke() - ROOT/vendor/cakephp/debug_kit/src/Middleware/DebugKitMiddleware.php, line 53
Cake\Http\Runner::__invoke() - CORE/src/Http/Runner.php, line 65
Cake\Http\Runner::run() - CORE/src/Http/Runner.php, line 51
Cake\Http\Server::run() - CORE/src/Http/Server.php, line 97
[main] - ROOT/webroot/index.php, line 40



2019-12-27 16:09:19 Warning: Warning (512): Unable to emit headers. Headers sent in file=/Users/heinz/Sites/dwe_map/vendor/cakephp/cakephp/src/Error/Debugger.php line=856 in [/Users/heinz/Sites/dwe_map/vendor/cakephp/cakephp/src/Http/ResponseEmitter.php, line 51]
Request URL: /points/index
Trace:
Cake\Error\BaseErrorHandler::handleError() - CORE/src/Error/BaseErrorHandler.php, line 158
Cake\Core\BasePlugin::{closure}() - ROOT/vendor/cakephp/debug_kit/config/bootstrap.php, line 42
Cake\Http\ResponseEmitter::emit() - CORE/src/Http/ResponseEmitter.php, line 51
Cake\Http\Server::emit() - CORE/src/Http/Server.php, line 140
[main] - ROOT/webroot/index.php, line 40



2019-12-27 16:09:19 Warning: Warning (2): Cannot modify header information - headers already sent by (output started at /Users/heinz/Sites/dwe_map/vendor/cakephp/cakephp/src/Error/Debugger.php:856) in [/Users/heinz/Sites/dwe_map/vendor/cakephp/cakephp/src/Http/ResponseEmitter.php, line 152]
Request URL: /points/index
Trace:
Cake\Error\BaseErrorHandler::handleError() - CORE/src/Error/BaseErrorHandler.php, line 158
Cake\Core\BasePlugin::{closure}() - ROOT/vendor/cakephp/debug_kit/config/bootstrap.php, line 42
header - [internal], line ??
Cake\Http\ResponseEmitter::emitStatusLine() - CORE/src/Http/ResponseEmitter.php, line 152
Cake\Http\ResponseEmitter::emit() - CORE/src/Http/ResponseEmitter.php, line 57
Cake\Http\Server::emit() - CORE/src/Http/Server.php, line 140
[main] - ROOT/webroot/index.php, line 40



2019-12-27 16:09:19 Warning: Warning (2): Cannot modify header information - headers already sent by (output started at /Users/heinz/Sites/dwe_map/vendor/cakephp/cakephp/src/Error/Debugger.php:856) in [/Users/heinz/Sites/dwe_map/vendor/cakephp/cakephp/src/Http/ResponseEmitter.php, line 181]
Request URL: /points/index
Trace:
Cake\Error\BaseErrorHandler::handleError() - CORE/src/Error/BaseErrorHandler.php, line 158
Cake\Core\BasePlugin::{closure}() - ROOT/vendor/cakephp/debug_kit/config/bootstrap.php, line 42
header - [internal], line ??
Cake\Http\ResponseEmitter::emitHeaders() - CORE/src/Http/ResponseEmitter.php, line 181
Cake\Http\ResponseEmitter::emit() - CORE/src/Http/ResponseEmitter.php, line 58
Cake\Http\Server::emit() - CORE/src/Http/Server.php, line 140
[main] - ROOT/webroot/index.php, line 40



2019-12-27 16:09:20 Warning: Warning (2): Cannot modify header information - headers already sent by (output started at /Users/heinz/Sites/dwe_map/vendor/cakephp/cakephp/src/Error/Debugger.php:856) in [/Users/heinz/Sites/dwe_map/vendor/cakephp/cakephp/src/Http/ResponseEmitter.php, line 181]
Request URL: /points/index
Trace:
Cake\Error\BaseErrorHandler::handleError() - CORE/src/Error/BaseErrorHandler.php, line 158
Cake\Core\BasePlugin::{closure}() - ROOT/vendor/cakephp/debug_kit/config/bootstrap.php, line 42
header - [internal], line ??
Cake\Http\ResponseEmitter::emitHeaders() - CORE/src/Http/ResponseEmitter.php, line 181
Cake\Http\ResponseEmitter::emit() - CORE/src/Http/ResponseEmitter.php, line 58
Cake\Http\Server::emit() - CORE/src/Http/Server.php, line 140
[main] - ROOT/webroot/index.php, line 40



